2023-04-16 02:13:54,457 [INFO] UtilMem:75 - End SaveConfig() Used Memory: 406834632 Bytes (876609536)
2023-04-16 02:14:09,772 [INFO] UtilMem:75 - End SaveConfig() Used Memory: 459263432 Bytes (876609536)
2023-04-16 02:14:13,046 [INFO] UtilMem:75 - End SaveConfig() Used Memory: 581946824 Bytes (876609536)
2023-04-16 02:14:13,373 [INFO] BlockDiagram:2759 - set Specific Code input for plugin: TIM1_8L4
2023-04-16 02:14:13,373 [INFO] BlockDiagram:2759 - set Specific Code input for plugin: RCC
2023-04-16 02:14:13,373 [INFO] BlockDiagram:2759 - set Specific Code input for plugin: NVIC
2023-04-16 02:14:13,373 [INFO] BlockDiagram:2759 - set Specific Code input for plugin: GPIO
2023-04-16 02:14:13,374 [INFO] CodeGenerator:793 - code generatio: config db path: C:\ST\STM32CubeIDE_1.12.0\STM32CubeIDE\plugins\com.st.stm32cube.common.mx_6.8.0.202302231600\\db\
2023-04-16 02:14:13,702 [INFO] CodeEngine:255 - oldGeneratedFile, C:\Users\1234\STM32CubeIDE\CapsoneProject\STM32L476VGT6\MXTmpFiles\license.tmp_save
2023-04-16 02:14:13,866 [INFO] CodeEngine:279 - Generated code: C:\Users\1234\STM32CubeIDE\CapsoneProject\STM32L476VGT6\MXTmpFiles\license.tmp
2023-04-16 02:14:13,894 [INFO] CodeEngine:255 - oldGeneratedFile, C:\Users\1234\STM32CubeIDE\CapsoneProject\STM32L476VGT6\MXTmpFiles\gpio.tmp_save
2023-04-16 02:14:14,006 [INFO] CodeEngine:279 - Generated code: C:\Users\1234\STM32CubeIDE\CapsoneProject\STM32L476VGT6\MXTmpFiles\gpio.tmp
2023-04-16 02:14:14,119 [INFO] CodeEngine:255 - oldGeneratedFile, C:\Users\1234\STM32CubeIDE\CapsoneProject\STM32L476VGT6\Core\Src\stm32l4xx_it.c_save
2023-04-16 02:14:14,286 [INFO] CodeEngine:279 - Generated code: C:\Users\1234\STM32CubeIDE\CapsoneProject\STM32L476VGT6\Core\Src\stm32l4xx_it.c
2023-04-16 02:14:14,299 [INFO] CodeEngine:255 - oldGeneratedFile, C:\Users\1234\STM32CubeIDE\CapsoneProject\STM32L476VGT6\Core\Inc\stm32l4xx_it.h_save
2023-04-16 02:14:14,364 [INFO] CodeEngine:279 - Generated code: C:\Users\1234\STM32CubeIDE\CapsoneProject\STM32L476VGT6\Core\Inc\stm32l4xx_it.h
2023-04-16 02:14:14,406 [INFO] CodeEngine:255 - oldGeneratedFile, C:\Users\1234\STM32CubeIDE\CapsoneProject\STM32L476VGT6\Core\Src\stm32l4xx_hal_msp.c_save
2023-04-16 02:14:14,518 [INFO] CodeEngine:279 - Generated code: C:\Users\1234\STM32CubeIDE\CapsoneProject\STM32L476VGT6\Core\Src\stm32l4xx_hal_msp.c
2023-04-16 02:14:14,528 [INFO] CodeEngine:255 - oldGeneratedFile, C:\Users\1234\STM32CubeIDE\CapsoneProject\STM32L476VGT6\MXTmpFiles\system.tmp_save
2023-04-16 02:14:14,588 [INFO] CodeEngine:279 - Generated code: C:\Users\1234\STM32CubeIDE\CapsoneProject\STM32L476VGT6\MXTmpFiles\system.tmp
2023-04-16 02:14:14,606 [INFO] CodeEngine:311 - oldGeneratedFile, C:\Users\1234\STM32CubeIDE\CapsoneProject\STM32L476VGT6\Core\Inc\stm32l4xx_hal_conf.h_save
2023-04-16 02:14:14,696 [INFO] CodeEngine:335 - Generated code: C:\Users\1234\STM32CubeIDE\CapsoneProject\STM32L476VGT6\Core\Inc\stm32l4xx_hal_conf.h
2023-04-16 02:14:14,717 [WARN] IPConfigManager:3431 - IP not found : TIM
2023-04-16 02:14:14,718 [WARN] CodeGenerator:3754 - IP not found : null
2023-04-16 02:14:14,737 [INFO] CodeEngine:255 - oldGeneratedFile, C:\Users\1234\STM32CubeIDE\CapsoneProject\STM32L476VGT6\Core\Inc\main.h_save
2023-04-16 02:14:14,818 [INFO] CodeEngine:279 - Generated code: C:\Users\1234\STM32CubeIDE\CapsoneProject\STM32L476VGT6\Core\Inc\main.h
2023-04-16 02:14:14,836 [INFO] CodeEngine:255 - oldGeneratedFile, C:\Users\1234\STM32CubeIDE\CapsoneProject\STM32L476VGT6\Core\Src\main.c_save
2023-04-16 02:14:14,940 [INFO] CodeEngine:279 - Generated code: C:\Users\1234\STM32CubeIDE\CapsoneProject\STM32L476VGT6\Core\Src\main.c
2023-04-16 02:14:15,707 [INFO] ProjectBuilder:2996 - Time for Copy HAL[1] : 149mS.
2023-04-16 02:14:15,710 [INFO] ProjectBuilder:4304 - Project Generator version: 3.19.2
2023-04-16 02:14:15,911 [INFO] ConfigFileManager:1483 - The Die is : DIE415
2023-04-16 02:14:17,540 [INFO] ProjectBuilder:4505 - Time for Generating toolchain IDE Files: 1830mS.
2023-04-16 02:14:17,541 [INFO] ProjectBuilder:2867 - Time for Copy CMSIS : 1mS.
2023-04-16 02:14:17,545 [INFO] ProjectBuilder:2867 - Time for Copy CMSIS : 1mS.
2023-04-16 02:14:18,001 [INFO] MainUpdater:2854 - connection check result : 10
2023-04-16 02:14:18,001 [INFO] MainUpdater:2854 - connection check result : 10
2023-04-16 02:14:18,052 [INFO] MicroXplorer:468 - Change Database Path : 
2023-04-16 02:14:18,052 [INFO] MicroXplorer:498 - Change Database Version : DB.6.0.80
2023-04-16 02:14:18,080 [WARN] ThirdParty:871 - waiting for thirdparty lock release [close project]
2023-04-16 02:14:18,080 [INFO] ThirdParty:873 - entering critical section [close project]
2023-04-16 02:14:18,080 [INFO] ThirdParty:883 - exiting critical section [close project]
2023-04-16 02:14:18,082 [INFO] PinOutPanel:1499 - setPackage(No Configuration,No Configuration)
2023-04-16 02:14:18,093 [INFO] UtilMem:75 - Begin LoadConfig() Used Memory: 308488608 Bytes (903872512)
2023-04-16 02:14:18,095 [INFO] MicroXplorer:468 - Change Database Path : 
2023-04-16 02:14:18,095 [INFO] MicroXplorer:498 - Change Database Version : DB.6.0.80
2023-04-16 02:14:18,095 [INFO] OpenFileManager:308 - Change cursor
2023-04-16 02:14:18,131 [INFO] RulesReader:64 - Compatibility file has been processed (293 Rules)
2023-04-16 02:14:18,136 [INFO] Mcu:1937 - Initializing MCU STM32L476V(C-E-G)Tx STM32L476VGTx STM32L476VGT3
2023-04-16 02:14:20,292 [INFO] Context:659 - Trying to add GPIOservice into a context  which must be forbidden
2023-04-16 02:14:20,772 [INFO] RtosManager:555 - Registered RTOS mode: class=CMSIS, group=RTOS, mode=CMSIS_V1, owner=FREERTOS
2023-04-16 02:14:20,772 [INFO] RtosManager:555 - Registered RTOS mode: class=CMSIS, group=RTOS2, mode=CMSIS_V2, owner=FREERTOS
2023-04-16 02:14:20,772 [INFO] RtosManager:555 - Registered RTOS mode: class=RTOS, group=Core, mode=CMSIS_V1, owner=FREERTOS
2023-04-16 02:14:20,773 [INFO] RtosManager:555 - Registered RTOS mode: class=RTOS, group=Core, mode=CMSIS_V2, owner=FREERTOS
2023-04-16 02:14:20,773 [WARN] ModelIntegratedComponent:184 - Missing modes for component STMicroelectronics:FreeRTOS:0.0.1:STMicroelectronics:RTOS:FreeRTOS:Core:::10.2.0:
2023-04-16 02:14:20,781 [WARN] ModelIntegratedComponent:63 - No mode defined for component null
2023-04-16 02:14:20,781 [WARN] ModelIntegratedComponent:63 - No mode defined for component null
2023-04-16 02:14:20,781 [WARN] ModelIntegratedComponent:63 - No mode defined for component null
2023-04-16 02:14:20,782 [WARN] ModelIntegratedComponent:63 - No mode defined for component null
2023-04-16 02:14:20,782 [WARN] ModelIntegratedComponent:63 - No mode defined for component null
2023-04-16 02:14:20,782 [WARN] ModelIntegratedComponent:63 - No mode defined for component null
2023-04-16 02:14:20,782 [WARN] ModelIntegratedComponent:63 - No mode defined for component null
2023-04-16 02:14:20,782 [WARN] ModelIntegratedComponent:63 - No mode defined for component null
2023-04-16 02:14:20,782 [WARN] ModelIntegratedComponent:63 - No mode defined for component null
2023-04-16 02:14:20,782 [WARN] ModelIntegratedComponent:63 - No mode defined for component null
2023-04-16 02:14:20,782 [WARN] ModelIntegratedComponent:63 - No mode defined for component null
2023-04-16 02:14:20,782 [WARN] ModelIntegratedComponent:63 - No mode defined for component null
2023-04-16 02:14:20,782 [WARN] ModelIntegratedComponent:63 - No mode defined for component null
2023-04-16 02:14:20,782 [WARN] ModelIntegratedComponent:63 - No mode defined for component null
2023-04-16 02:14:20,782 [WARN] ModelIntegratedComponent:63 - No mode defined for component null
2023-04-16 02:14:20,782 [WARN] ModelIntegratedComponent:63 - No mode defined for component null
2023-04-16 02:14:20,782 [WARN] ModelIntegratedComponent:63 - No mode defined for component null
2023-04-16 02:14:20,782 [WARN] ModelIntegratedComponent:63 - No mode defined for component null
2023-04-16 02:14:20,782 [WARN] ModelIntegratedComponent:63 - No mode defined for component null
2023-04-16 02:14:20,783 [WARN] ModelIntegratedComponent:63 - No mode defined for component null
2023-04-16 02:14:20,783 [WARN] ModelIntegratedComponent:63 - No mode defined for component null
2023-04-16 02:14:20,783 [WARN] ModelIntegratedComponent:63 - No mode defined for component null
2023-04-16 02:14:20,783 [WARN] ModelIntegratedComponent:63 - No mode defined for component null
2023-04-16 02:14:20,783 [WARN] ModelIntegratedComponent:63 - No mode defined for component null
2023-04-16 02:14:20,783 [WARN] ModelIntegratedComponent:63 - No mode defined for component null
2023-04-16 02:14:20,783 [WARN] ModelIntegratedComponent:63 - No mode defined for component null
2023-04-16 02:14:20,783 [WARN] ModelIntegratedComponent:63 - No mode defined for component null
2023-04-16 02:14:20,783 [WARN] ModelIntegratedComponent:63 - No mode defined for component null
2023-04-16 02:14:20,783 [WARN] ModelIntegratedComponent:63 - No mode defined for component null
2023-04-16 02:14:20,783 [WARN] ModelIntegratedComponent:63 - No mode defined for component null
2023-04-16 02:14:20,784 [WARN] ModelIntegratedComponent:63 - No mode defined for component null
2023-04-16 02:14:20,784 [WARN] ModelIntegratedComponent:63 - No mode defined for component null
2023-04-16 02:14:20,784 [WARN] ModelIntegratedComponent:63 - No mode defined for component null
2023-04-16 02:14:20,877 [INFO] ThirdPartyModel:298 - Start build external matchings
2023-04-16 02:14:21,220 [INFO] ThirdPartyModel:316 - End build external matchings
2023-04-16 02:14:21,241 [INFO] ImportTextPane:194 - (OptionalMessage_ERROR) IP (RCC) : Invalid parameter (FamilyName)
2023-04-16 02:14:21,612 [INFO] UtilMem:75 - End LoadConfig() Used Memory: 494281248 Bytes (903872512)
2023-04-16 02:14:21,652 [WARN] ThirdParty:833 - waiting for thirdparty lock release [change project]
2023-04-16 02:14:21,653 [INFO] ThirdParty:835 - entering critical section [change project]
2023-04-16 02:14:21,653 [INFO] ThirdParty:1030 - CMSIS Pack Vendor :STMicroelectronics X-CUBE-ISPU 1.1.0
2023-04-16 02:14:21,653 [INFO] ThirdParty:1030 - CMSIS Pack Vendor :STMicroelectronics X-CUBE-GNSS1 6.0.0
2023-04-16 02:14:21,653 [INFO] ThirdParty:1030 - CMSIS Pack Vendor :STMicroelectronics USB_HOST 2.0.0
2023-04-16 02:14:21,653 [INFO] ThirdParty:1030 - CMSIS Pack Vendor :STMicroelectronics X-CUBE-AZRTOS-F4 1.1.0
2023-04-16 02:14:21,653 [INFO] ThirdParty:1030 - CMSIS Pack Vendor :STMicroelectronics LIBJPEG 8.0.0
2023-04-16 02:14:21,654 [INFO] ThirdParty:1030 - CMSIS Pack Vendor :STMicroelectronics X-CUBE-SMBUS 2.1.0
2023-04-16 02:14:21,654 [INFO] ThirdParty:1030 - CMSIS Pack Vendor :wolfSSL I-CUBE-wolfSSL 5.6.0
2023-04-16 02:14:21,654 [INFO] ThirdParty:1030 - CMSIS Pack Vendor :STMicroelectronics USB_DEVICE 3.0.0
2023-04-16 02:14:21,654 [INFO] ThirdParty:1030 - CMSIS Pack Vendor :STMicroelectronics X-CUBE-AI 8.0.0
2023-04-16 02:14:21,655 [INFO] ThirdParty:1030 - CMSIS Pack Vendor :STMicroelectronics X-CUBE-FREERTOS 1.0.1
2023-04-16 02:14:21,655 [INFO] ThirdParty:1030 - CMSIS Pack Vendor :STMicroelectronics X-CUBE-TOUCHGFX 4.21.3
2023-04-16 02:14:21,655 [INFO] ThirdParty:1030 - CMSIS Pack Vendor :STMicroelectronics X-CUBE-AZRTOS-F7 1.1.0
2023-04-16 02:14:21,655 [INFO] ThirdParty:1030 - CMSIS Pack Vendor :STMicroelectronics USB_DEVICE 2.0.0
2023-04-16 02:14:21,655 [INFO] ThirdParty:1030 - CMSIS Pack Vendor :STMicroelectronics X-CUBE-ALGOBUILD 1.3.0
2023-04-16 02:14:21,655 [INFO] ThirdParty:1030 - CMSIS Pack Vendor :STMicroelectronics X-CUBE-BLE1 6.2.4
2023-04-16 02:14:21,655 [INFO] ThirdParty:1030 - CMSIS Pack Vendor :STMicroelectronics X-CUBE-AZRTOS-L5 1.1.0
2023-04-16 02:14:21,655 [INFO] ThirdParty:1030 - CMSIS Pack Vendor :STMicroelectronics FreeRTOS 0.0.1
2023-04-16 02:14:21,655 [INFO] ThirdParty:1030 - CMSIS Pack Vendor :emotas I-CUBE-CANOPEN 1.1.3
2023-04-16 02:14:21,656 [INFO] ThirdParty:1030 - CMSIS Pack Vendor :STMicroelectronics X-CUBE-AZRTOS-G0 1.1.0
2023-04-16 02:14:21,656 [INFO] ThirdParty:1030 - CMSIS Pack Vendor :STMicroelectronics X-CUBE-BLEMGR 2.0.0
2023-04-16 02:14:21,656 [INFO] ThirdParty:1030 - CMSIS Pack Vendor :STMicroelectronics X-CUBE-SUBG2 5.0.0
2023-04-16 02:14:21,656 [INFO] ThirdParty:1030 - CMSIS Pack Vendor :STMicroelectronics X-CUBE-NFC4 3.0.0
2023-04-16 02:14:21,656 [INFO] ThirdParty:1030 - CMSIS Pack Vendor :STMicroelectronics STM32_WPAN 1.0.0
2023-04-16 02:14:21,656 [INFO] ThirdParty:1030 - CMSIS Pack Vendor :STMicroelectronics lwIP 2.0.3
2023-04-16 02:14:21,656 [INFO] ThirdParty:1030 - CMSIS Pack Vendor :STMicroelectronics USB_HOST 1.0.0
2023-04-16 02:14:21,656 [INFO] ThirdParty:1030 - CMSIS Pack Vendor :STMicroelectronics PDM2PCM 3.1.0
2023-04-16 02:14:21,657 [INFO] ThirdParty:1030 - CMSIS Pack Vendor :STMicroelectronics X-CUBE-AZRTOS-H7 3.1.0
2023-04-16 02:14:21,657 [INFO] ThirdParty:1030 - CMSIS Pack Vendor :STMicroelectronics X-CUBE-TOF1 3.3.0
2023-04-16 02:14:21,657 [INFO] ThirdParty:1030 - CMSIS Pack Vendor :STMicroelectronics PDM2PCM 3.3.0
2023-04-16 02:14:21,657 [INFO] ThirdParty:1030 - CMSIS Pack Vendor :STMicroelectronics X-CUBE-DISPLAY 3.0.0
2023-04-16 02:14:21,657 [INFO] ThirdParty:1030 - CMSIS Pack Vendor :STMicroelectronics X-CUBE-AZRTOS-G4 1.0.0
2023-04-16 02:14:21,657 [INFO] ThirdParty:1030 - CMSIS Pack Vendor :STMicroelectronics FP-ATR-SIGFOX1 3.2.0
2023-04-16 02:14:21,657 [INFO] ThirdParty:1030 - CMSIS Pack Vendor :STMicroelectronics X-CUBE-AZRTOS-L4 1.0.0
2023-04-16 02:14:21,657 [INFO] ThirdParty:1030 - CMSIS Pack Vendor :STMicroelectronics HAL Drivers 0.0.0
2023-04-16 02:14:21,657 [INFO] ThirdParty:1030 - CMSIS Pack Vendor :STMicroelectronics MBEDTLS 2.16.2
2023-04-16 02:14:21,657 [INFO] ThirdParty:1030 - CMSIS Pack Vendor :STMicroelectronics MBEDTLS 2.14.1
2023-04-16 02:14:21,658 [INFO] ThirdParty:1030 - CMSIS Pack Vendor :STMicroelectronics X-CUBE-NFC7 1.0.0
2023-04-16 02:14:21,658 [INFO] ThirdParty:1030 - CMSIS Pack Vendor :STMicroelectronics X-CUBE-AZRTOS-WL 1.0.0
2023-04-16 02:14:21,658 [INFO] ThirdParty:1030 - CMSIS Pack Vendor :STMicroelectronics X-CUBE-EEPRMA1 4.1.0
2023-04-16 02:14:21,658 [INFO] ThirdParty:1030 - CMSIS Pack Vendor :portGmbH I-Cube-SoM-uGOAL 1.1.0
2023-04-16 02:14:21,658 [INFO] ThirdParty:1030 - CMSIS Pack Vendor :STMicroelectronics X-CUBE-ALS 1.0.1
2023-04-16 02:14:21,658 [INFO] ThirdParty:1030 - CMSIS Pack Vendor :STMicroelectronics X-CUBE-MEMS1 9.5.0
2023-04-16 02:14:21,658 [INFO] ThirdParty:1030 - CMSIS Pack Vendor :STMicroelectronics ThreadX 1.0.0
2023-04-16 02:14:21,658 [INFO] ThirdParty:1030 - CMSIS Pack Vendor :STMicroelectronics X-CUBE-AZRTOS-WB 1.1.0
2023-04-16 02:14:21,658 [INFO] ThirdParty:1030 - CMSIS Pack Vendor :SEGGER I-CUBE-embOS 1.3.1
2023-04-16 02:14:21,659 [INFO] ThirdParty:1030 - CMSIS Pack Vendor :STMicroelectronics USB_DEVICE 1.0.0
2023-04-16 02:14:21,659 [INFO] ThirdParty:1030 - CMSIS Pack Vendor :STMicroelectronics ThreadX 0.0.2
2023-04-16 02:14:21,659 [INFO] ThirdParty:1030 - CMSIS Pack Vendor :WES I-CUBE-Cesium 1.3.0
2023-04-16 02:14:21,659 [INFO] ThirdParty:1030 - CMSIS Pack Vendor :STMicroelectronics FP-ATR-ASTRA1 2.0.0
2023-04-16 02:14:21,659 [INFO] ThirdParty:1030 - CMSIS Pack Vendor :STMicroelectronics lwIP 2.1.2
2023-04-16 02:14:21,659 [INFO] ThirdParty:1030 - CMSIS Pack Vendor :STMicroelectronics X-CUBE-SFXS2LP1 4.0.0
2023-04-16 02:14:21,659 [INFO] ThirdParty:1030 - CMSIS Pack Vendor :STMicroelectronics X-CUBE-BLE2 3.3.0
2023-04-16 02:14:21,659 [INFO] ThirdParty:1030 - CMSIS Pack Vendor :STMicroelectronics PDM2PCM 3.2.0
2023-04-16 02:14:21,659 [INFO] ThirdParty:841 - exiting critical section [change project]
2023-04-16 02:14:21,959 [INFO] PinOutPanel:1499 - setPackage(No Configuration,No Configuration)
2023-04-16 02:14:21,960 [INFO] PinOutPanel:1499 - setPackage(STM32L476VGTx,LQFP100)
2023-04-16 02:14:22,425 [INFO] UtilMem:75 - Before build in PCC Used Memory: 688919688 Bytes (903872512)
2023-04-16 02:14:22,771 [INFO] UtilMem:75 - After build in PCC Used Memory: 348632160 Bytes (903872512)
2023-04-16 02:14:22,782 [INFO] ApiDbMcu:507 - Load IP Config File for USB_HOST
2023-04-16 02:14:22,783 [WARN] BspModel:443 - BSP dependency skipped because of component: name='IOExpander', api='Unknown'
2023-04-16 02:14:22,812 [INFO] IPUIPlugin:80 - create IPUIPlugin
2023-04-16 02:14:22,812 [INFO] IPUIPlugin:80 - create IPUIPlugin
2023-04-16 02:14:22,812 [INFO] IPUIPlugin:80 - create IPUIPlugin
2023-04-16 02:14:22,812 [INFO] IPUIPlugin:80 - create IPUIPlugin
2023-04-16 02:14:22,812 [INFO] IPUIPlugin:80 - create IPUIPlugin
2023-04-16 02:14:22,812 [INFO] IPUIPlugin:80 - create IPUIPlugin
2023-04-16 02:14:22,813 [INFO] IPUIPlugin:80 - create IPUIPlugin
2023-04-16 02:14:22,813 [INFO] IPUIPlugin:80 - create IPUIPlugin
2023-04-16 02:14:22,813 [INFO] IPUIPlugin:80 - create IPUIPlugin
2023-04-16 02:14:22,813 [INFO] IPUIPlugin:80 - create IPUIPlugin
2023-04-16 02:14:22,813 [INFO] IPUIPlugin:80 - create IPUIPlugin
2023-04-16 02:14:22,813 [INFO] IPUIPlugin:80 - create IPUIPlugin
2023-04-16 02:14:22,813 [INFO] IPUIPlugin:80 - create IPUIPlugin
2023-04-16 02:14:22,814 [INFO] IPUIPlugin:80 - create IPUIPlugin
2023-04-16 02:14:22,814 [INFO] IPUIPlugin:80 - create IPUIPlugin
2023-04-16 02:14:22,814 [INFO] IPUIPlugin:80 - create IPUIPlugin
2023-04-16 02:14:22,814 [INFO] IPUIPlugin:80 - create IPUIPlugin
2023-04-16 02:14:22,814 [INFO] IPUIPlugin:80 - create IPUIPlugin
2023-04-16 02:14:22,814 [INFO] IPUIPlugin:80 - create IPUIPlugin
2023-04-16 02:14:22,815 [INFO] IPUIPlugin:80 - create IPUIPlugin
2023-04-16 02:14:22,815 [INFO] IPUIPlugin:80 - create IPUIPlugin
2023-04-16 02:14:22,815 [INFO] IPUIPlugin:80 - create IPUIPlugin
2023-04-16 02:14:22,815 [INFO] IPUIPlugin:80 - create IPUIPlugin
2023-04-16 02:14:22,815 [INFO] IPUIPlugin:80 - create IPUIPlugin
2023-04-16 02:14:22,816 [INFO] IPUIPlugin:80 - create IPUIPlugin
2023-04-16 02:14:22,816 [INFO] IPUIPlugin:80 - create IPUIPlugin
2023-04-16 02:14:22,816 [INFO] IPUIPlugin:80 - create IPUIPlugin
2023-04-16 02:14:22,816 [INFO] IPUIPlugin:80 - create IPUIPlugin
2023-04-16 02:14:22,816 [INFO] IPUIPlugin:80 - create IPUIPlugin
2023-04-16 02:14:22,817 [INFO] IPUIPlugin:80 - create IPUIPlugin
2023-04-16 02:14:22,817 [INFO] IPUIPlugin:80 - create IPUIPlugin
2023-04-16 02:14:22,817 [INFO] IPUIPlugin:80 - create IPUIPlugin
2023-04-16 02:14:22,817 [INFO] IPUIPlugin:80 - create IPUIPlugin
2023-04-16 02:14:22,817 [INFO] IPUIPlugin:80 - create IPUIPlugin
2023-04-16 02:14:22,817 [INFO] IPUIPlugin:80 - create IPUIPlugin
2023-04-16 02:14:22,818 [INFO] IPUIPlugin:80 - create IPUIPlugin
2023-04-16 02:14:22,818 [INFO] IPUIPlugin:80 - create IPUIPlugin
2023-04-16 02:14:22,818 [INFO] IPUIPlugin:80 - create IPUIPlugin
2023-04-16 02:14:22,819 [INFO] IPUIPlugin:80 - create IPUIPlugin
2023-04-16 02:14:22,819 [INFO] IPUIPlugin:80 - create IPUIPlugin
2023-04-16 02:14:22,820 [INFO] IPUIPlugin:80 - create IPUIPlugin
2023-04-16 02:14:22,820 [INFO] IPUIPlugin:80 - create IPUIPlugin
2023-04-16 02:14:22,820 [INFO] IPUIPlugin:80 - create IPUIPlugin
2023-04-16 02:14:22,820 [INFO] IPUIPlugin:80 - create IPUIPlugin
2023-04-16 02:14:22,821 [INFO] IPUIPlugin:80 - create IPUIPlugin
2023-04-16 02:14:22,821 [INFO] IPUIPlugin:80 - create IPUIPlugin
2023-04-16 02:14:22,821 [INFO] IPUIPlugin:80 - create IPUIPlugin
2023-04-16 02:14:22,821 [INFO] IPUIPlugin:80 - create IPUIPlugin
2023-04-16 02:14:22,822 [INFO] IPUIPlugin:80 - create IPUIPlugin
2023-04-16 02:14:22,822 [INFO] IPUIPlugin:80 - create IPUIPlugin
2023-04-16 02:14:22,822 [INFO] IPUIPlugin:80 - create IPUIPlugin
2023-04-16 02:14:22,822 [INFO] IPUIPlugin:80 - create IPUIPlugin
2023-04-16 02:14:22,823 [INFO] IPUIPlugin:80 - create IPUIPlugin
2023-04-16 02:14:22,823 [INFO] IPUIPlugin:80 - create IPUIPlugin
2023-04-16 02:14:22,823 [INFO] IPUIPlugin:80 - create IPUIPlugin
2023-04-16 02:14:22,824 [INFO] IPUIPlugin:80 - create IPUIPlugin
2023-04-16 02:14:22,824 [INFO] IPUIPlugin:80 - create IPUIPlugin
2023-04-16 02:14:22,825 [INFO] IPUIPlugin:80 - create IPUIPlugin
2023-04-16 02:14:22,825 [INFO] IPUIPlugin:80 - create IPUIPlugin
2023-04-16 02:14:22,826 [INFO] IPUIPlugin:80 - create IPUIPlugin
2023-04-16 02:14:22,906 [INFO] CADModel:165 - CPN selected for project levelSTM32L476VGT3
2023-04-16 02:14:22,906 [INFO] CADModel:114 - Register for checkConnection events
2023-04-16 02:14:22,964 [INFO] OpenFileManager:328 - Restore cursor
